2020-04-15 20:51:16,386 - app - INFO - Processing default request
2020-04-15 20:51:16,387 - app - WARNING - Processing warning request
2020-04-15 20:51:16,389 - app - ERROR - Processing error request
2020-04-15 20:51:16,392 - app - CRITICAL - Processing critical request
2020-04-15 20:51:49,854 - app - INFO - Processing default request
2020-04-15 20:51:49,855 - app - WARNING - Processing warning request
2020-04-15 20:51:49,855 - app - ERROR - Processing error request
2020-04-15 20:51:49,856 - app - CRITICAL - Processing critical request
2020-04-15 20:52:20,469 - app - INFO - Processing default request
2020-04-15 20:52:20,470 - app - WARNING - Processing warning request
2020-04-15 20:52:20,472 - app - ERROR - Processing error request
2020-04-15 20:52:20,474 - app - CRITICAL - Processing critical request
2020-04-15 20:52:20,501 - werkzeug - INFO - 127.0.0.1 - - [15/Apr/2020 20:52:20] "GET / HTTP/1.1" 200 -
2020-04-15 20:52:21,059 - werkzeug - INFO - 127.0.0.1 - - [15/Apr/2020 20:52:21] "GET /favicon.ico HTTP/1.1" 404 -
2020-04-15 20:52:36,526 - app - INFO - Processing default request
2020-04-15 20:52:36,527 - app - WARNING - Processing warning request
2020-04-15 20:52:36,527 - app - ERROR - Processing error request
2020-04-15 20:52:36,528 - app - CRITICAL - Processing critical request
2020-04-15 20:56:19,047 - app - INFO - Processing default request
2020-04-15 20:56:19,047 - app - WARNING - Processing warning request
2020-04-15 20:56:19,048 - app - ERROR - Processing error request
2020-04-15 20:56:19,049 - app - CRITICAL - Processing critical request
2020-04-15 20:56:26,367 - app - INFO - Processing default request
2020-04-15 20:56:26,368 - app - WARNING - Processing warning request
2020-04-15 20:56:26,369 - app - ERROR - Processing error request
2020-04-15 20:56:26,383 - app - CRITICAL - Processing critical request
2020-04-15 20:56:29,851 - app - INFO - Processing default request
2020-04-15 20:56:29,852 - app - WARNING - Processing warning request
2020-04-15 20:56:29,853 - app - ERROR - Processing error request
2020-04-15 20:56:29,855 - app - CRITICAL - Processing critical request
